0 verbose cli C:\Program Files\nodejs\node.exe C:\Users\JuanR\AppData\Roaming\npm\node_modules\npm\bin\npm-cli.js
1 info using npm@10.3.0
2 info using node@v21.5.0
3 timing npm:load:whichnode Completed in 5ms
4 timing config:load:defaults Completed in 5ms
5 timing config:load:file:C:\Users\JuanR\AppData\Roaming\npm\node_modules\npm\npmrc Completed in 7ms
6 timing config:load:builtin Completed in 8ms
7 timing config:load:cli Completed in 4ms
8 timing config:load:env Completed in 2ms
9 timing config:load:file:C:\Users\JuanR\Project-Stream-FrontEnd\.npmrc Completed in 1ms
10 timing config:load:project Completed in 7ms
11 timing config:load:file:C:\Users\JuanR\.npmrc Completed in 1ms
12 timing config:load:user Completed in 1ms
13 timing config:load:file:C:\Users\JuanR\AppData\Roaming\npm\etc\npmrc Completed in 1ms
14 timing config:load:global Completed in 1ms
15 timing config:load:setEnvs Completed in 1ms
16 timing config:load Completed in 31ms
17 timing npm:load:configload Completed in 32ms
18 timing config:load:flatten Completed in 9ms
19 timing npm:load:mkdirpcache Completed in 1ms
20 timing npm:load:mkdirplogs Completed in 0ms
21 verbose title npm i react-query~
22 verbose argv "i" "react-query~"
23 timing npm:load:setTitle Completed in 3ms
24 timing npm:load:display Completed in 3ms
25 verbose logfile logs-max:10 dir:C:\Users\JuanR\Project-Stream-FrontEnd\src\UsersJuanRAppDataRoamingnpm-cache\_logs\2024-01-17T01_27_10_495Z-
26 verbose logfile C:\Users\JuanR\Project-Stream-FrontEnd\src\UsersJuanRAppDataRoamingnpm-cache\_logs\2024-01-17T01_27_10_495Z-debug-0.log
27 timing npm:load:logFile Completed in 31ms
28 timing npm:load:timers Completed in 0ms
29 timing npm:load:configScope Completed in 0ms
30 timing npm:load Completed in 129ms
31 timing arborist:ctor Completed in 1ms
32 silly logfile done cleaning log files
33 timing idealTree:init Completed in 1254ms
34 timing idealTree:userRequests Completed in 3ms
35 silly idealTree buildDeps
36 silly fetch manifest react-query~@*
37 timing arborist:ctor Completed in 0ms
38 http fetch GET 404 https://registry.npmjs.org/react-query~ 762ms (cache skip)
39 http fetch GET 404 https://registry.npmjs.org/react-query~ 842ms (cache skip)
40 silly placeDep ROOT react-query~@ OK for: project-stream@0.1.0 want: *
41 timing idealTree:#root Completed in 1631ms
42 timing idealTree:node_modules/react-query~ Completed in 0ms
43 timing idealTree:buildDeps Completed in 1633ms
44 timing idealTree:fixDepFlags Completed in 25ms
45 timing idealTree Completed in 2918ms
46 timing command:i Completed in 2929ms
47 verbose stack HttpErrorGeneral: 404 Not Found - GET https://registry.npmjs.org/react-query~ - Not found
47 verbose stack     at C:\Users\JuanR\AppData\Roaming\npm\node_modules\npm\node_modules\npm-registry-fetch\lib\check-response.js:95:15
47 verbose stack     at process.processTicksAndRejections (node:internal/process/task_queues:95:5)
47 verbose stack     at async RegistryFetcher.packument (C:\Users\JuanR\AppData\Roaming\npm\node_modules\npm\node_modules\pacote\lib\registry.js:91:19)
47 verbose stack     at async RegistryFetcher.manifest (C:\Users\JuanR\AppData\Roaming\npm\node_modules\npm\node_modules\pacote\lib\registry.js:129:23)
47 verbose stack     at async #nodeFromEdge (C:\Users\JuanR\AppData\Roaming\npm\node_modules\npm\node_modules\@npmcli\arborist\lib\arborist\build-ideal-tree.js:1049:19)
47 verbose stack     at async #buildDepStep (C:\Users\JuanR\AppData\Roaming\npm\node_modules\npm\node_modules\@npmcli\arborist\lib\arborist\build-ideal-tree.js:917:11)
47 verbose stack     at async Arborist.buildIdealTree (C:\Users\JuanR\AppData\Roaming\npm\node_modules\npm\node_modules\@npmcli\arborist\lib\arborist\build-ideal-tree.js:196:7)
47 verbose stack     at async Promise.all (index 1)
47 verbose stack     at async Arborist.reify (C:\Users\JuanR\AppData\Roaming\npm\node_modules\npm\node_modules\@npmcli\arborist\lib\arborist\reify.js:159:5)
47 verbose stack     at async Install.exec (C:\Users\JuanR\AppData\Roaming\npm\node_modules\npm\lib\commands\install.js:153:5)
48 verbose statusCode 404
49 verbose pkgid react-query~@*
50 verbose cwd C:\Users\JuanR\Project-Stream-FrontEnd\src
51 verbose Windows_NT 10.0.19045
52 verbose node v21.5.0
53 verbose npm  v10.3.0
54 error code E404
55 error 404 Not Found - GET https://registry.npmjs.org/react-query~ - Not found
56 error 404
57 error 404  'react-query~@*' is not in this registry.
58 error 404 This package name is not valid, because 
59 error 404  1. name can no longer contain special characters ("~'!()*")
60 error 404
60 error 404 Note that you can also install from a
61 error 404 tarball, folder, http url, or git url.
62 verbose exit 1
63 timing npm Completed in 3522ms
64 verbose unfinished npm timer reify 1705454831084
65 verbose unfinished npm timer reify:loadTrees 1705454831092
66 verbose code 1
67 error A complete log of this run can be found in: C:\Users\JuanR\Project-Stream-FrontEnd\src\UsersJuanRAppDataRoamingnpm-cache\_logs\2024-01-17T01_27_10_495Z-debug-0.log
